[2025-11-15 19:18:14] [Note.php] [INFO] Starting parser
[2025-11-15 19:18:14] [Note.php] [SUCCESS] Validation passed
[2025-11-15 19:18:14] [Note.php] [INFO] Applying 1 doc update(s)
[2025-11-15 19:18:14] [Note.php] [SUCCESS] Updated MASTER.md
[2025-11-15 19:18:14]  [INFO] Calling update_docs.ps1...
[2025-11-15 19:18:14]  [SUCCESS] Versioning complete
[2025-11-15 19:24:46] [Note.php] [INFO] Starting parser
[2025-11-15 19:24:46] [Note.php] [SUCCESS] Validation passed
[2025-11-15 19:24:46] [Note.php] [INFO] Applying 1 doc update(s)
[2025-11-15 19:24:46] [Note.php] [SUCCESS] Updated MASTER.md
[2025-11-15 19:24:46]  [INFO] Calling update_docs.ps1...
[2025-11-15 19:24:46]  [SUCCESS] Versioning complete
[2025-11-15 19:25:03] [Note.php] [INFO] Starting parser
[2025-11-15 19:25:03] [Note.php] [SUCCESS] Validation passed
[2025-11-15 19:25:03] [Note.php] [INFO] Applying 1 doc update(s)
[2025-11-15 19:25:03] [Note.php] [SUCCESS] Updated MASTER.md
[2025-11-15 19:25:03]  [INFO] Calling update_docs.ps1...
[2025-11-15 19:25:03]  [SUCCESS] Versioning complete
[2025-11-15 19:25:37] [Note.php] [INFO] Starting parser
[2025-11-15 19:25:37] [Note.php] [SUCCESS] Validation passed
[2025-11-15 19:25:37] [Note.php] [INFO] Applying 1 doc update(s)
[2025-11-15 19:25:37] [Note.php] [SUCCESS] Updated MASTER.md
[2025-11-15 19:25:37]  [INFO] Calling update_docs.ps1...
[2025-11-15 19:25:37]  [SUCCESS] Versioning complete
[2025-11-15 19:39:42] [Note.php] [INFO] Starting parser
[2025-11-15 19:39:42] [Note.php] [SUCCESS] Validation passed
[2025-11-15 19:39:42] [Note.php] [INFO] Applying 1 doc update(s)
[2025-11-15 19:39:42] [Note.php] [SUCCESS] Updated MASTER.md
[2025-11-15 19:39:42]  [INFO] Calling update_docs.ps1...
[2025-11-15 19:39:42]  [SUCCESS] Versioning complete
[2025-11-15 19:42:54] [Note.php] [INFO] Starting parser
[2025-11-15 19:42:55] [Note.php] [SUCCESS] Validation passed
[2025-11-15 19:42:55] [Note.php] [INFO] Applying 1 doc update(s)
[2025-11-15 19:42:55] [Note.php] [SUCCESS] Updated MASTER.md
[2025-11-15 19:42:55]  [INFO] Calling update_docs.ps1...
[2025-11-15 19:42:55]  [SUCCESS] Versioning complete
[2025-11-15 19:43:34] [Note.php] [INFO] Starting parser
[2025-11-15 19:43:34] [Note.php] [SUCCESS] Validation passed
[2025-11-15 19:43:34] [Note.php] [INFO] Applying 1 doc update(s)
[2025-11-15 19:43:34] [Note.php] [SUCCESS] Updated MASTER.md
[2025-11-15 19:43:34]  [INFO] Calling update_docs.ps1...
[2025-11-15 19:43:34]  [SUCCESS] Versioning complete
[2025-11-15 19:44:06] [Note.php] [INFO] Starting parser
[2025-11-15 19:44:06] [Note.php] [SUCCESS] Validation passed
[2025-11-15 19:44:06] [Note.php] [INFO] Applying 1 doc update(s)
[2025-11-15 19:44:06] [Note.php] [SUCCESS] Updated MASTER.md
[2025-11-15 19:44:06]  [INFO] Calling update_docs.ps1...
[2025-11-15 19:44:06]  [SUCCESS] Versioning complete
